# JRE version: Java(TM) SE Runtime Environment (7.0_71-b14) (build 1.7.0_71-b14)
# Java VM: Java HotSpot(TM) 64-Bit Server VM (24.71-b01 mixed mode bsd-amd64 compressed oops)
Heap
 PSYoungGen      total 30720K, used 26362K [0x00000007d5500000, 0x00000007d7a80000, 0x0000000800000000)
  eden space 30208K, 87% used [0x00000007d5500000,0x00000007d6eb6b38,0x00000007d7280000)
  from space 512K, 6% used [0x00000007d7300000,0x00000007d7308000,0x00000007d7380000)
  to   space 4096K, 0% used [0x00000007d7680000,0x00000007d7680000,0x00000007d7a80000)
 ParOldGen       total 87040K, used 2712K [0x0000000780000000, 0x0000000785500000, 0x00000007d5500000)
  object space 87040K, 3% used [0x0000000780000000,0x00000007802a6310,0x0000000785500000)
 PSPermGen       total 21504K, used 7810K [0x000000077ae00000, 0x000000077c300000, 0x0000000780000000)
  object space 21504K, 36% used [0x000000077ae00000,0x000000077b5a0910,0x000000077c300000)
GC Heap History (10 events):
Event: 10.580 GC heap before
{Heap before GC invocations=7 (full 0):
 PSYoungGen      total 35840K, used 35390K [0x00000007d5500000, 0x00000007d7b80000, 0x0000000800000000)
  eden space 32768K, 100% used [0x00000007d5500000,0x00000007d7500000,0x00000007d7500000)
  from space 3072K, 85% used [0x00000007d7880000,0x00000007d7b0fa70,0x00000007d7b80000)
  to   space 3072K, 0% used [0x00000007d7580000,0x00000007d7580000,0x00000007d7880000)
 ParOldGen       total 87040K, used 0K [0x0000000780000000, 0x0000000785500000, 0x00000007d5500000)
  object space 87040K, 0% used [0x0000000780000000,0x0000000780000000,0x0000000785500000)
 PSPermGen       total 21504K, used 7810K [0x000000077ae00000, 0x000000077c300000, 0x0000000780000000)
  object space 21504K, 36% used [0x000000077ae00000,0x000000077b5a0910,0x000000077c300000)
Event: 10.582 GC heap after
Heap after GC invocations=7 (full 0):
 PSYoungGen      total 32768K, used 224K [0x00000007d5500000, 0x00000007d7b80000, 0x0000000800000000)
  eden space 32256K, 0% used [0x00000007d5500000,0x00000007d5500000,0x00000007d7480000)
  from space 512K, 43% used [0x00000007d7580000,0x00000007d75b8210,0x00000007d7600000)
  to   space 3584K, 0% used [0x00000007d7800000,0x00000007d7800000,0x00000007d7b80000)
 ParOldGen       total 87040K, used 2534K [0x0000000780000000, 0x0000000785500000, 0x00000007d5500000)
  object space 87040K, 2% used [0x0000000780000000,0x00000007802798e0,0x0000000785500000)
 PSPermGen       total 21504K, used 7810K [0x000000077ae00000, 0x000000077c300000, 0x0000000780000000)
  object space 21504K, 36% used [0x000000077ae00000,0x000000077b5a0910,0x000000077c300000)
}
Event: 10.859 GC heap before
{Heap before GC invocations=8 (full 0):
 PSYoungGen      total 32768K, used 32472K [0x00000007d5500000, 0x00000007d7b80000, 0x0000000800000000)
  eden space 32256K, 99% used [0x00000007d5500000,0x00000007d747e168,0x00000007d7480000)
  from space 512K, 43% used [0x00000007d7580000,0x00000007d75b8210,0x00000007d7600000)
  to   space 3584K, 0% used [0x00000007d7800000,0x00000007d7800000,0x00000007d7b80000)
 ParOldGen       total 87040K, used 2534K [0x0000000780000000, 0x0000000785500000, 0x00000007d5500000)
  object space 87040K, 2% used [0x0000000780000000,0x00000007802798e0,0x0000000785500000)
 PSPermGen       total 21504K, used 7810K [0x000000077ae00000, 0x000000077c300000, 0x0000000780000000)
  object space 21504K, 36% used [0x000000077ae00000,0x000000077b5a0910,0x000000077c300000)
Event: 10.859 GC heap after
Heap after GC invocations=8 (full 0):
 PSYoungGen      total 35328K, used 32K [0x00000007d5500000, 0x00000007d7c00000, 0x0000000800000000)
  eden space 31744K, 0% used [0x00000007d5500000,0x00000007d5500000,0x00000007d7400000)
  from space 3584K, 0% used [0x00000007d7800000,0x00000007d7808000,0x00000007d7b80000)
  to   space 4096K, 0% used [0x00000007d7400000,0x00000007d7400000,0x00000007d7800000)
 ParOldGen       total 87040K, used 2582K [0x0000000780000000, 0x0000000785500000, 0x00000007d5500000)
  object space 87040K, 2% used [0x0000000780000000,0x0000000780285af0,0x0000000785500000)
 PSPermGen       total 21504K, used 7810K [0x000000077ae00000, 0x000000077c300000, 0x0000000780000000)
  object space 21504K, 36% used [0x000000077ae00000,0x000000077b5a0910,0x000000077c300000)
}
Event: 11.130 GC heap before
{Heap before GC invocations=9 (full 0):
 PSYoungGen      total 35328K, used 31748K [0x00000007d5500000, 0x00000007d7c00000, 0x0000000800000000)
  eden space 31744K, 99% used [0x00000007d5500000,0x00000007d73f9278,0x00000007d7400000)
  from space 3584K, 0% used [0x00000007d7800000,0x00000007d7808000,0x00000007d7b80000)
  to   space 4096K, 0% used [0x00000007d7400000,0x00000007d7400000,0x00000007d7800000)
 ParOldGen       total 87040K, used 2582K [0x0000000780000000, 0x0000000785500000, 0x00000007d5500000)
  object space 87040K, 2% used [0x0000000780000000,0x0000000780285af0,0x0000000785500000)
 PSPermGen       total 21504K, used 7810K [0x000000077ae00000, 0x000000077c300000, 0x0000000780000000)
  object space 21504K, 36% used [0x000000077ae00000,0x000000077b5a0910,0x000000077c300000)
Event: 11.131 GC heap after
Heap after GC invocations=9 (full 0):
 PSYoungGen      total 31744K, used 97K [0x00000007d5500000, 0x00000007d7b80000, 0x0000000800000000)
  eden space 31232K, 0% used [0x00000007d5500000,0x00000007d5500000,0x00000007d7380000)
  from space 512K, 18% used [0x00000007d7400000,0x00000007d7418410,0x00000007d7480000)
  to   space 4096K, 0% used [0x00000007d7780000,0x00000007d7780000,0x00000007d7b80000)
 ParOldGen       total 87040K, used 2582K [0x0000000780000000, 0x0000000785500000, 0x00000007d5500000)
  object space 87040K, 2% used [0x0000000780000000,0x0000000780285af0,0x0000000785500000)
 PSPermGen       total 21504K, used 7810K [0x000000077ae00000, 0x000000077c300000, 0x0000000780000000)
  object space 21504K, 36% used [0x000000077ae00000,0x000000077b5a0910,0x000000077c300000)
}
Event: 11.397 GC heap before
{Heap before GC invocations=10 (full 0):
 PSYoungGen      total 31744K, used 31320K [0x00000007d5500000, 0x00000007d7b80000, 0x0000000800000000)
  eden space 31232K, 99% used [0x00000007d5500000,0x00000007d737dcb8,0x00000007d7380000)
  from space 512K, 18% used [0x00000007d7400000,0x00000007d7418410,0x00000007d7480000)
  to   space 4096K, 0% used [0x00000007d7780000,0x00000007d7780000,0x00000007d7b80000)
 ParOldGen       total 87040K, used 2582K [0x0000000780000000, 0x0000000785500000, 0x00000007d5500000)
  object space 87040K, 2% used [0x0000000780000000,0x0000000780285af0,0x0000000785500000)
 PSPermGen       total 21504K, used 7810K [0x000000077ae00000, 0x000000077c300000, 0x0000000780000000)
  object space 21504K, 36% used [0x000000077ae00000,0x000000077b5a0910,0x000000077c300000)
Event: 11.397 GC heap after
Heap after GC invocations=10 (full 0):
 PSYoungGen      total 34304K, used 97K [0x00000007d5500000, 0x00000007d7b00000, 0x0000000800000000)
  eden space 30720K, 0% used [0x00000007d5500000,0x00000007d5500000,0x00000007d7300000)
  from space 3584K, 2% used [0x00000007d7780000,0x00000007d7798410,0x00000007d7b00000)
  to   space 4096K, 0% used [0x00000007d7300000,0x00000007d7300000,0x00000007d7700000)
 ParOldGen       total 87040K, used 2582K [0x0000000780000000, 0x0000000785500000, 0x00000007d5500000)
  object space 87040K, 2% used [0x0000000780000000,0x0000000780285af0,0x0000000785500000)
 PSPermGen       total 21504K, used 7810K [0x000000077ae00000, 0x000000077c300000, 0x0000000780000000)
  object space 21504K, 36% used [0x000000077ae00000,0x000000077b5a0910,0x000000077c300000)
}
Event: 11.661 GC heap before
{Heap before GC invocations=11 (full 0):
 PSYoungGen      total 34304K, used 30810K [0x00000007d5500000, 0x00000007d7b00000, 0x0000000800000000)
  eden space 30720K, 99% used [0x00000007d5500000,0x00000007d72fe420,0x00000007d7300000)
  from space 3584K, 2% used [0x00000007d7780000,0x00000007d7798410,0x00000007d7b00000)
  to   space 4096K, 0% used [0x00000007d7300000,0x00000007d7300000,0x00000007d7700000)
 ParOldGen       total 87040K, used 2582K [0x0000000780000000, 0x0000000785500000, 0x00000007d5500000)
  object space 87040K, 2% used [0x0000000780000000,0x0000000780285af0,0x0000000785500000)
 PSPermGen       total 21504K, used 7810K [0x000000077ae00000, 0x000000077c300000, 0x0000000780000000)
  object space 21504K, 36% used [0x000000077ae00000,0x000000077b5a0910,0x000000077c300000)
Event: 11.662 GC heap after
Heap after GC invocations=11 (full 0):
 PSYoungGen      total 30720K, used 32K [0x00000007d5500000, 0x00000007d7a80000, 0x0000000800000000)
  eden space 30208K, 0% used [0x00000007d5500000,0x00000007d5500000,0x00000007d7280000)
  from space 512K, 6% used [0x00000007d7300000,0x00000007d7308000,0x00000007d7380000)
  to   space 4096K, 0% used [0x00000007d7680000,0x00000007d7680000,0x00000007d7a80000)
 ParOldGen       total 87040K, used 2712K [0x0000000780000000, 0x0000000785500000, 0x00000007d5500000)
  object space 87040K, 3% used [0x0000000780000000,0x00000007802a6310,0x0000000785500000)
 PSPermGen       total 21504K, used 7810K [0x000000077ae00000, 0x000000077c300000, 0x0000000780000000)
  object space 21504K, 36% used [0x000000077ae00000,0x000000077b5a0910,0x000000077c300000)
}

